

Number of issues found in ESSNTL: 149

CVE-2022-45873 systemd: deadlock in systemd-coredump via a crash with a long backtrace [services-inventory-default]
CVE-2022-45873 systemd: deadlock in systemd-coredump via a crash with a long backtrace [services-insights-essentials-default]
CVE-2022-3970 libtiff: integer overflow in function TIFFReadRGBATileExt of the file [services-inventory-default]
CVE-2022-36227 libarchive: NULL pointer dereference in archive_write.c [services-inventory-default]
CVE-2022-36227 libarchive: NULL pointer dereference in archive_write.c [services-insights-essentials-default]
CVE-2022-3821 systemd: buffer overrun in format_timespan() function. [services-inventory-default]
CVE-2022-3821 systemd: buffer overrun in format_timespan() function. [services-insights-essentials-default]
CVE-2022-3570 CVE-2022-3597 CVE-2022-3598 CVE-2022-3599 CVE-2022-3626 libtiff: various flaws [services-inventory-default]
CVE-2007-4559 python: tarfile module directory traversal [services-inventory-default]
CVE-2007-4559 python: tarfile module directory traversal [services-insights-essentials-default]
CVE-2022-43548 nodejs: DNS rebinding in inspect via invalid octal IP address [services-inventory-default]
CVE-2022-43548 nodejs: DNS rebinding in inspect via invalid octal IP address [services-insights-essentials-default]
CVE-2022-40303 CVE-2022-40304 libxml2: various flaws [services-inventory-default]
CVE-2022-40303 CVE-2022-40304 libxml2: various flaws [services-insights-essentials-default]
CVE-2022-3554 CVE-2022-3555 libX11: various flaws [services-inventory-default]
CVE-2022-3554 CVE-2022-3555 libX11: various flaws [services-insights-essentials-default]
CVE-2022-3515 libksba: integer overflow may lead to remote code execution [services-inventory-default]
CVE-2022-3515 libksba: integer overflow may lead to remote code execution [services-insights-essentials-default]
CVE-2022-3517 minimatch: nodejs-minimatch: ReDoS via the braceExpand function [services-inventory-default]
CVE-2022-3517 minimatch: nodejs-minimatch: ReDoS via the braceExpand function [services-insights-essentials-default]
CVE-2022-37601 loader-utils: prototype pollution in function parseQuery in parseQuery.js [services-inventory-default]
CVE-2022-37601 loader-utils: prototype pollution in function parseQuery in parseQuery.js [services-insights-essentials-default]
CVE-2022-37599 loader-utils: regular expression denial of service in interpolateName.js [services-inventory-default]
CVE-2022-37599 loader-utils: regular expression denial of service in interpolateName.js [services-insights-essentials-default]
CVE-2022-21618 CVE-2022-21619 CVE-2022-21624 CVE-2022-21626 CVE-2022-21628 CVE-2022-39399 openjdk: various flaws [services-insights-essentials-default]
CVE-2022-2953 libtiff: tiffcrop: heap-buffer-overflow in extractImageSection in tiffcrop.c [services-inventory-default]
CVE-2022-37609 insights-remediations: js-beautify: prototype pollution via the name variable in options.js [services-insights-essentials-default]
CVE-2022-40674 expat: a use-after-free in the doContent function in xmlparse.c [services-inventory-default]
CVE-2022-40674 expat: a use-after-free in the doContent function in xmlparse.c [services-insights-essentials-default]
CVE-2022-35256 nodejs: HTTP Request Smuggling due to incorrect parsing of header fields [services-insights-essentials-default]
CVE-2021-33468 yasm: use-after-free in error() in modules/preprocs/nasm/nasm-pp.c [services-insights-essentials-default]
CVE-2021-33467 yasm: use-after-free in pp_getline() in modules/preprocs/nasm/nasm-pp.c [services-insights-essentials-default]
CVE-2021-33466 yasm: NULL pointer dereference in expand_smacro() in modules/preprocs/nasm/nasm-pp.c [services-insights-essentials-default]
CVE-2021-33465 yasm: NULL pointer dereference in expand_mmacro() in modules/preprocs/nasm/nasm-pp.c [services-insights-essentials-default]
CVE-2021-33464 yasm: heap-based buffer overflow in inc_fopen() in modules/preprocs/nasm/nasm-pp.c [services-insights-essentials-default]
CVE-2021-33463 yasm: NULL pointer dereference in yasm_expr__copy_except() in libyasm/expr.c [services-insights-essentials-default]
CVE-2021-33462 yasm: use-after-free in expr_traverse_nodes_post() in libyasm/expr.c [services-insights-essentials-default]
CVE-2021-33461 yasm: use-after-free in yasm_intnum_destroy() in libyasm/intnum.c [services-insights-essentials-default]
CVE-2021-33458 yasm: NULL pointer dereference in find_cc() in modules/preprocs/nasm/nasm-pp.c [services-insights-essentials-default]
CVE-2021-33460 yasm: NULL pointer dereference in if_condition() in modules/preprocs/nasm/nasm-pp.c [services-insights-essentials-default]
CVE-2021-33459 yasm: NULL pointer dereference in nasm_parser_directive() in modules/parsers/nasm/nasm-parse.c [services-insights-essentials-default]
CVE-2021-33457 yasm: NULL pointer dereference in expand_mmac_params() in modules/preprocs/nasm/nasm-pp.c [services-insights-essentials-default]
CVE-2021-33456 yasm: NULL pointer dereference in hash() in modules/preprocs/nasm/nasm-pp.c [services-insights-essentials-default]
CVE-2021-33455 yasm: NULL pointer dereference in do_directive() in modules/preprocs/nasm/nasm-pp.c [services-insights-essentials-default]
CVE-2021-33454 yasm: NULL pointer dereference in yasm_expr_get_intnum() in libyasm/expr.c [services-insights-essentials-default]
CVE-2022-38533 binutils: heap-based buffer overflow in bfd_getl32() when called by strip_main() in objcopy.c via a crafted file [services-inventory-default]
CVE-2022-38533 binutils: heap-based buffer overflow in bfd_getl32() when called by strip_main() in objcopy.c via a crafted file [services-insights-essentials-default]
CVE-2022-25857 snakeyaml: Denial of Service due to missing nested depth limitation for collections [services-insights-essentials-default]
CVE-2022-25887 sanitize-html: insecure global regular expression replacement logic may lead to ReDoS [services-insights-essentials-default]
CVE-2020-35538 libjpeg-turbo: Null pointer dereference in jcopy_sample_rows() function [services-insights-essentials-default]
CVE-2020-35527 sqlite: Out of bounds access during table rename [services-inventory-default]
CVE-2020-35527 sqlite: Out of bounds access during table rename [services-insights-essentials-default]
CVE-2020-35525 sqlite: Null pointer derreference in src/select.c [services-inventory-default]
CVE-2020-35525 sqlite: Null pointer derreference in src/select.c [services-insights-essentials-default]
CVE-2022-2625 postgresql: Extension scripts replace objects not belonging to the extension. [services-inventory-default]
CVE-2022-2625 postgresql: Extension scripts replace objects not belonging to the extension. [services-insights-essentials-default]
CVE-2022-34169 openjdk: integer truncation issue in Xalan-J (JAXP, 8285407) [services-insights-essentials-default]
CVE-2022-21549 openjdk: random exponentials issue (Libraries, 8283875) [services-insights-essentials-default]
CVE-2022-21541 openjdk: improper restriction of MethodHandle.invokeBasic() (Hotspot, 8281866) [services-insights-essentials-default]
CVE-2022-21540 openjdk: class compilation issue (Hotspot, 8281859) [services-insights-essentials-default]
openjdk: JDK: Oracle CPU 2022-07 [services-insights-essentials-default]
CVE-2022-31151 undici: nodejs/undici: Cookie headers uncleared on cross-origin redirect [services-insights-essentials-default]
CVE-2022-35949 undici: nodejs: undici.request vulnerable to SSRF [services-insights-essentials-default]
CVE-2022-35948 undici: nodejs: undici vulnerable to CRLF via content headers [services-insights-essentials-default]
CVE-2022-2509 gnutls: Double free during gnutls_pkcs7_verify. [services-inventory-default]
CVE-2022-2509 gnutls: Double free during gnutls_pkcs7_verify. [services-insights-essentials-default]
CVE-2022-37434 zlib: a heap-based buffer over-read or buffer overflow in inflate in inflate.c via a large gzip header extra field [services-inventory-default]
CVE-2022-37434 zlib: a heap-based buffer over-read or buffer overflow in inflate in inflate.c via a large gzip header extra field [services-insights-essentials-default]
CVE-2021-46829 gdk-pixbuf2: gdk-pixbuf: a heap-based buffer overflow when compositing or clearing frames in GIF files [services-insights-essentials-default]
CVE-2016-3709 libxml2: Incorrect server side include parsing can lead to XSS [services-inventory-default]
CVE-2016-3709 libxml2: Incorrect server side include parsing can lead to XSS [services-insights-essentials-default]
CVE-2022-29187 git:  Bypass of safe.directory protections [services-inventory-default]
CVE-2022-29187 git:  Bypass of safe.directory protections [services-insights-essentials-default]
CVE-2022-31129 moment: inefficient parsing algorithm resulting in DoS [services-insights-essentials-default]
CVE-2022-2097 openssl: AES OCB fails to encrypt some bytes [services-inventory-default]
CVE-2022-2097 openssl: AES OCB fails to encrypt some bytes [services-insights-essentials-default]
EMBARGOED Insights: CVE-2021-35938 rpm: races with chown/chmod/capabilities calls during installation [services-inventory-default] 
CVE-2022-33099 lua: heap buffer overflow in luaG_errormsg() in ldebug.c due to uncontrolled recursion in error handling [services-insights-essentials-default]
CVE-2022-33987 got: missing verification of requested URLs allows redirects to UNIX sockets [services-insights-essentials-default]
CVE-2021-46822 libjpeg-turbo: heap buffer overflow in get_word_rgb_row() in rdppm.c [services-inventory-default]
CVE-2021-46822 libjpeg-turbo: heap buffer overflow in get_word_rgb_row() in rdppm.c [services-insights-essentials-default]
CVE-2022-31813 httpd: mod_proxy: X-Forwarded-For dropped by hop-by-hop mechanism [services-inventory-default]
CVE-2022-31813 httpd24: httpd: mod_proxy: X-Forwarded-For dropped by hop-by-hop mechanism [services-insights-essentials-default]
CVE-2022-30556 httpd: mod_lua: Information disclosure with websockets [services-inventory-default]
CVE-2022-30556 httpd24: httpd: mod_lua: Information disclosure with websockets [services-insights-essentials-default]
CVE-2022-30522 httpd: mod_sed: DoS vulnerability [services-inventory-default]
CVE-2022-30522 httpd24: httpd: mod_sed: DoS vulnerability [services-insights-essentials-default]
CVE-2022-29404 httpd: mod_lua: DoS in r:parsebody [services-inventory-default]
CVE-2022-29404 httpd24: httpd: mod_lua: DoS in r:parsebody [services-insights-essentials-default]
CVE-2022-28615 httpd: out-of-bounds read in ap_strcmp_match() [services-inventory-default]
CVE-2022-28615 httpd24: httpd: out-of-bounds read in ap_strcmp_match() [services-insights-essentials-default]
CVE-2022-28614 httpd: out-of-bounds read via ap_rwrite() [services-inventory-default]
CVE-2022-28614 httpd24: httpd: out-of-bounds read via ap_rwrite() [services-insights-essentials-default]
CVE-2022-28330 httpd: mod_isapi: out-of-bounds read [services-inventory-default]
CVE-2022-28330 httpd24: httpd: mod_isapi: out-of-bounds read [services-insights-essentials-default]
CVE-2022-26377 httpd: mod_proxy_ajp: Possible request smuggling [services-inventory-default]
CVE-2022-26377 httpd24: httpd: mod_proxy_ajp: Possible request smuggling [services-insights-essentials-default]
CVE-2022-1355 libtiff: stack-buffer-overflow in tiffcp.c in main() [services-inventory-default]
CVE-2022-1355 libtiff: stack-buffer-overflow in tiffcp.c in main() [services-insights-essentials-default]
CVE-2022-1354 libtiff: heap-buffer-overflow in TIFFReadRawDataStriped() in tiffinfo.c [services-inventory-default]
CVE-2022-1354 libtiff: heap-buffer-overflow in TIFFReadRawDataStriped() in tiffinfo.c [services-insights-essentials-default]
CVE-2022-1271 gzip: arbitrary-file-write vulnerability [services-insights-essentials-default]
CVE-2022-23712 elasticsearch: DoS via a specifically formatted network request [services-insights-essentials-default]
CVE-2022-1292 openssl: c_rehash script allows command injection [services-insights-essentials-default]
CVE-2022-24765 git: On multi-user machines Git users might find themselves unexpectedly in a Git worktree [services-inventory-default]
CVE-2022-24765 git: On multi-user machines Git users might find themselves unexpectedly in a Git worktree [services-insights-essentials-default]
CVE-2022-28391 busybox: remote attackers may execute arbitrary code if netstat is used [services-insights-essentials-default]
CVE-2022-1587 pcre2: Out-of-bounds read in get_recurse_data_length in pcre2_jit_compile.c [services-insights-essentials-default]
CVE-2022-21803 nconf: Prototype pollution in memory store [services-insights-essentials-default]
CVE-2022-23708 elasticsearch: privilege escalation vulnerability (ESA-2022-02) [services-insights-essentials-default]
CVE-2022-24773 node-forge: Signature verification leniency in checking `DigestInfo` structure [services-insights-essentials-default]
CVE-2022-24773 node-forge: Signature verification leniency in checking `DigestInfo` structure [services-inventory-default]
CVE-2022-24772 node-forge: Signature verification failing to check tailing garbage bytes can lead to signature forgery [services-inventory-default]
CVE-2022-24772 node-forge: Signature verification failing to check tailing garbage bytes can lead to signature forgery [services-insights-essentials-default]
CVE-2022-24771 node-forge: Signature verification leniency in checking `digestAlgorithm` structure can lead to signature forgery [services-inventory-default]
CVE-2022-24771 node-forge: Signature verification leniency in checking `digestAlgorithm` structure can lead to signature forgery [services-insights-essentials-default]
CVE-2022-0613 urijs: Authorization Bypass Through User-Controlled Key [services-insights-essentials-default]
CVE-2022-24723 urijs: Leading white space bypasses protocol validation [services-insights-essentials-default]
CVE-2022-23648 containerd: insecure handling of image volumes [services-insights-essentials-default]
CVE-2022-24921 golang: regexp: stack exhaustion via a deeply nested expression [services-insights-essentials-default]
CVE-2022-22719 httpd: mod_lua: Use of uninitialized value of in r:parsebody [services-inventory-default]
CVE-2022-22721 httpd: core: Possible buffer overflow with very large or unlimited LimitXMLRequestBody [services-inventory-default]
CVE-2022-23943 httpd: mod_sed: Read/write beyond bounds [services-inventory-default]
CVE-2022-0778 openssl: Infinite loop in BN_mod_sqrt() reachable when parsing certificates [services-insights-essentials-default]
CVE-2022-23308 libxml2: Use-after-free of ID and IDREF attributes [services-insights-essentials-default]
CVE-2022-23806 golang: crypto/elliptic: IsOnCurve returns true for invalid field elements [services-insights-essentials-default]
CVE-2022-0563 util-linux: partial disclosure of arbitrary files in chfn and chsh when compiled with libreadline [services-insights-essentials-default]
CVE-2022-23773 golang: cmd/go: misinterpretation of branch names can lead to incorrect access control [services-insights-essentials-default]
CVE-2022-23772 CVE-2022-23773 CVE-2022-23806 golang: math/big: uncontrolled memory consumption due to an unhandled overflow via Rat.SetString [services-insights-essentials-default]
CVE-2021-43616 npm: npm ci succeeds when package-lock.json doesn't match package.json [services-inventory-default]
CVE-2021-43616 npm: npm ci succeeds when package-lock.json doesn't match package.json [services-insights-essentials-default]
CVE-2021-45960 CVE-2021-46143 CVE-2022-22822 CVE-2022-22823 CVE-2022-22824 CVE-2022-22825 CVE-2022-22826 CVE-2022-22827 expat: various flaws [services-insights-essentials-default]
CVE-2022-23852 expat: integer overflow in function XML_GetBuffer [services-insights-essentials-default]
CVE-2022-0235 node-fetch: exposure of sensitive information to an unauthorized actor [services-insights-essentials-default]
CVE-2022-21698 client_golang: prometheus/client_golang: Denial of service using InstrumentHandlerCounter [services-insights-essentials-default]
CVE-2021-44717 golang: syscall: don't close fd 0 on ForkExec error [services-insights-essentials-default]
CVE-2021-41092 docker: cli leaks private registry credentials to registry-1.docker.io [services-insights-essentials-default]
CVE-2021-41771 CVE-2021-41772 golang: various flaws [services-insights-essentials-default]
CVE-2021-40330 git: unexpected cross-protocol requests via a repository path containing a newline character [services-insights-essentials-default]
CVE-2021-23807 jsonpointer: nodejs-jsonpointer: type confusion vulnerability can lead to a bypass of a previous prototype pollution fix when the pointer components are arrays [services-insights-essentials-default]
CVE-2021-40528 libgcrypt: ElGamal implementation allows plaintext recovery [services-insights-essentials-default]
CVE-2021-38153 kafka: Timing Attack Vulnerability for Apache Kafka Connect and Clients [services-insights-essentials-default]
CVE-2021-39293 go: golang: archive/zip: malformed archive may cause panic or memory exhaustion (incomplete fix of CVE-2021-33196) [services-insights-essentials-default]
CVE-2021-3749 npm-axios: nodejs-axios: Regular expression denial of service in trim function [services-insights-essentials-default]
EMBARGOED Insights: PT Insights: Verbose Error Handling [services-management-platform-default]
CVE-2021-22144 elasticsearch: uncontrolled recursion in Grok parser [services-insights-essentials-default]
CVE-2021-23413 jszip: crafting a new zip file with filenames set to object prototype values results in a returned object with a modified prototype instance [services-insights-essentials-default]
CVE-2021-32723 prismjs: npm-prismjs: a malicious (long) string will take a long time to highlight may result in ReDoS [services-insights-essentials-default]
CVE-2021-33623 trim-newlines: nodejs-trim-newlines: ReDoS in .end() method [services-management-platform-default]